0 info it worked if it ends with ok
1 verbose cli [ '/home/paulll/.nvm/versions/node/v4.1.1/bin/node',
1 verbose cli   '/home/paulll/.nvm/versions/node/v4.1.1/bin/npm',
1 verbose cli   'i' ]
2 info using npm@2.14.4
3 info using node@v4.1.1
4 verbose config Skipping project config: /home/paulll/.npmrc. (matches userconfig)
5 verbose readDependencies loading dependencies from /home/paulll/package.json
6 error install Couldn't read dependencies
7 verbose stack Error: ENOENT: no such file or directory, open '/home/paulll/package.json'
7 verbose stack     at Error (native)
8 verbose cwd /home/paulll/public/projects/valka
9 error Linux 4.0.7-300.fc22.x86_64
10 error argv "/home/paulll/.nvm/versions/node/v4.1.1/bin/node" "/home/paulll/.nvm/versions/node/v4.1.1/bin/npm" "i"
11 error node v4.1.1
12 error npm  v2.14.4
13 error path /home/paulll/package.json
14 error code ENOPACKAGEJSON
15 error errno -2
16 error syscall open
17 error package.json ENOENT: no such file or directory, open '/home/paulll/package.json'
17 error package.json This is most likely not a problem with npm itself.
17 error package.json npm can't find a package.json file in your current directory.
18 verbose exit [ -2, true ]
